
=== Tue May 21 18:56:33 2019

Packages were changed.
Update Mode: updateDependencies

The following packages were added:
  com.unity.2d.tilemap@1.0.0
  com.unity.ext.nunit@1.0.0
  com.unity.test-framework@1.0.12
  com.unity.2d.sprite@1.0.0
  com.unity.ide.vscode@1.0.4
  com.unity.ide.visualstudio@1.0.5
  com.unity.ide.rider@1.0.4
  com.unity.modules.androidjni@1.0.0
The following packages were updated:
  com.unity.package-manager-ui from version 2.1.2 to 2.2.0

=== Sun Dec  8 15:41:16 2019

Packages were changed.
Update Mode: updateDependencies

The following packages were added:
  com.unity.2d.tilemap@1.0.0
  com.unity.test-framework@1.1.3
  com.unity.2d.sprite@1.0.0
  com.unity.ide.vscode@1.1.3
  com.unity.ide.rider@1.1.0
  com.unity.ugui@1.0.0
  com.unity.modules.androidjni@1.0.0
The following packages were updated:
  com.unity.render-pipelines.lightweight from version 5.16.1 to 7.1.5
  com.unity.shadergraph from version 5.16.1 to 7.1.5
  com.unity.timeline from version 1.0.0 to 1.2.6
  com.unity.visualeffectgraph from version 5.16.1-preview to 7.1.5
The following packages were removed:
  com.unity.package-manager-ui@2.1.2

=== Sat Jan  4 14:20:12 2020

Packages were changed.
Update Mode: updateDependencies

The following packages were updated:
  com.unity.ide.rider from version 1.1.0 to 1.1.4
  com.unity.render-pipelines.lightweight from version 7.1.5 to 7.1.6
  com.unity.shadergraph from version 7.1.5 to 7.1.6

=== Mon Jan 20 21:00:09 2020

Packages were changed.
Update Mode: updateDependencies

The following packages were updated:
  com.unity.render-pipelines.lightweight from version 7.1.6 to 7.1.7
  com.unity.shadergraph from version 7.1.6 to 7.1.7
  com.unity.test-framework from version 1.1.3 to 1.1.9
  com.unity.timeline from version 1.2.7 to 1.2.9
  com.unity.visualeffectgraph from version 7.1.6 to 7.1.7
